<?xml version="1.0" encoding="UTF-8"?>
<testsuite xmlns:xsi="http://www.w3.org/2001/XMLSchema-instance" xsi:noNamespaceSchemaLocation="https://maven.apache.org/surefire/maven-surefire-plugin/xsd/surefire-test-report.xsd" version="3.0.2" name="com.learn.developer.ReactiveGatewayCacheApplicationTests" time="8.107" tests="1" errors="0" skipped="0" failures="0">
  <properties>
    <property name="java.specification.version" value="21"/>
    <property name="sun.jnu.encoding" value="UTF-8"/>
    <property name="java.class.path" value="/Users/jessereyjoseph/PSSLAI/learn/reactive-gateway-cache/target/test-classes:/Users/jessereyjoseph/PSSLAI/learn/reactive-gateway-cache/target/classes:/Users/jessereyjoseph/.m2/repository/org/springframework/cloud/spring-cloud-starter-gateway-server-webflux/4.3.0/spring-cloud-starter-gateway-server-webflux-4.3.0.jar:/Users/jessereyjoseph/.m2/repository/org/springframework/cloud/spring-cloud-starter/4.3.0/spring-cloud-starter-4.3.0.jar:/Users/jessereyjoseph/.m2/repository/org/springframework/cloud/spring-cloud-context/4.3.0/spring-cloud-context-4.3.0.jar:/Users/jessereyjoseph/.m2/repository/org/springframework/security/spring-security-crypto/6.5.3/spring-security-crypto-6.5.3.jar:/Users/jessereyjoseph/.m2/repository/org/springframework/cloud/spring-cloud-commons/4.3.0/spring-cloud-commons-4.3.0.jar:/Users/jessereyjoseph/.m2/repository/org/bouncycastle/bcprov-jdk18on/1.80/bcprov-jdk18on-1.80.jar:/Users/jessereyjoseph/.m2/repository/org/springframework/cloud/spring-cloud-gateway-server-webflux/4.3.0/spring-cloud-gateway-server-webflux-4.3.0.jar:/Users/jessereyjoseph/.m2/repository/org/springframework/cloud/spring-cloud-gateway-server/4.3.0/spring-cloud-gateway-server-4.3.0.jar:/Users/jessereyjoseph/.m2/repository/org/springframework/boot/spring-boot-starter-validation/3.5.5/spring-boot-starter-validation-3.5.5.jar:/Users/jessereyjoseph/.m2/repository/org/apache/tomcat/embed/tomcat-embed-el/10.1.44/tomcat-embed-el-10.1.44.jar:/Users/jessereyjoseph/.m2/repository/org/hibernate/validator/hibernate-validator/8.0.3.Final/hibernate-validator-8.0.3.Final.jar:/Users/jessereyjoseph/.m2/repository/org/jboss/logging/jboss-logging/3.6.1.Final/jboss-logging-3.6.1.Final.jar:/Users/jessereyjoseph/.m2/repository/com/fasterxml/classmate/1.7.0/classmate-1.7.0.jar:/Users/jessereyjoseph/.m2/repository/io/projectreactor/addons/reactor-extra/3.5.2/reactor-extra-3.5.2.jar:/Users/jessereyjoseph/.m2/repository/org/springframework/boot/spring-boot-properties-migrator/3.5.5/spring-boot-properties-migrator-3.5.5.jar:/Users/jessereyjoseph/.m2/repository/org/springframework/boot/spring-boot/3.5.5/spring-boot-3.5.5.jar:/Users/jessereyjoseph/.m2/repository/org/springframework/spring-context/6.2.10/spring-context-6.2.10.jar:/Users/jessereyjoseph/.m2/repository/org/springframework/spring-aop/6.2.10/spring-aop-6.2.10.jar:/Users/jessereyjoseph/.m2/repository/org/springframework/spring-expression/6.2.10/spring-expression-6.2.10.jar:/Users/jessereyjoseph/.m2/repository/org/springframework/boot/spring-boot-configuration-metadata/3.5.5/spring-boot-configuration-metadata-3.5.5.jar:/Users/jessereyjoseph/.m2/repository/org/springframework/boot/spring-boot-starter-actuator/3.5.5/spring-boot-starter-actuator-3.5.5.jar:/Users/jessereyjoseph/.m2/repository/org/springframework/boot/spring-boot-starter/3.5.5/spring-boot-starter-3.5.5.jar:/Users/jessereyjoseph/.m2/repository/org/springframework/boot/spring-boot-autoconfigure/3.5.5/spring-boot-autoconfigure-3.5.5.jar:/Users/jessereyjoseph/.m2/repository/org/springframework/boot/spring-boot-starter-logging/3.5.5/spring-boot-starter-logging-3.5.5.jar:/Users/jessereyjoseph/.m2/repository/ch/qos/logback/logback-classic/1.5.18/logback-classic-1.5.18.jar:/Users/jessereyjoseph/.m2/repository/ch/qos/logback/logback-core/1.5.18/logback-core-1.5.18.jar:/Users/jessereyjoseph/.m2/repository/org/apache/logging/log4j/log4j-to-slf4j/2.24.3/log4j-to-slf4j-2.24.3.jar:/Users/jessereyjoseph/.m2/repository/org/apache/logging/log4j/log4j-api/2.24.3/log4j-api-2.24.3.jar:/Users/jessereyjoseph/.m2/repository/org/slf4j/jul-to-slf4j/2.0.17/jul-to-slf4j-2.0.17.jar:/Users/jessereyjoseph/.m2/repository/jakarta/annotation/jakarta.annotation-api/2.1.1/jakarta.annotation-api-2.1.1.jar:/Users/jessereyjoseph/.m2/repository/org/yaml/snakeyaml/2.4/snakeyaml-2.4.jar:/Users/jessereyjoseph/.m2/repository/org/springframework/boot/spring-boot-actuator-autoconfigure/3.5.5/spring-boot-actuator-autoconfigure-3.5.5.jar:/Users/jessereyjoseph/.m2/repository/org/springframework/boot/spring-boot-actuator/3.5.5/spring-boot-actuator-3.5.5.jar:/Users/jessereyjoseph/.m2/repository/com/fasterxml/jackson/core/jackson-databind/2.19.2/jackson-databind-2.19.2.jar:/Users/jessereyjoseph/.m2/repository/com/fasterxml/jackson/core/jackson-annotations/2.19.2/jackson-annotations-2.19.2.jar:/Users/jessereyjoseph/.m2/repository/com/fasterxml/jackson/core/jackson-core/2.19.2/jackson-core-2.19.2.jar:/Users/jessereyjoseph/.m2/repository/com/fasterxml/jackson/datatype/jackson-datatype-jsr310/2.19.2/jackson-datatype-jsr310-2.19.2.jar:/Users/jessereyjoseph/.m2/repository/io/micrometer/micrometer-observation/1.15.3/micrometer-observation-1.15.3.jar:/Users/jessereyjoseph/.m2/repository/io/micrometer/micrometer-commons/1.15.3/micrometer-commons-1.15.3.jar:/Users/jessereyjoseph/.m2/repository/io/micrometer/micrometer-jakarta9/1.15.3/micrometer-jakarta9-1.15.3.jar:/Users/jessereyjoseph/.m2/repository/io/micrometer/micrometer-core/1.15.3/micrometer-core-1.15.3.jar:/Users/jessereyjoseph/.m2/repository/org/hdrhistogram/HdrHistogram/2.2.2/HdrHistogram-2.2.2.jar:/Users/jessereyjoseph/.m2/repository/org/latencyutils/LatencyUtils/2.0.3/LatencyUtils-2.0.3.jar:/Users/jessereyjoseph/.m2/repository/org/springframework/boot/spring-boot-starter-webflux/3.5.5/spring-boot-starter-webflux-3.5.5.jar:/Users/jessereyjoseph/.m2/repository/org/springframework/boot/spring-boot-starter-json/3.5.5/spring-boot-starter-json-3.5.5.jar:/Users/jessereyjoseph/.m2/repository/com/fasterxml/jackson/datatype/jackson-datatype-jdk8/2.19.2/jackson-datatype-jdk8-2.19.2.jar:/Users/jessereyjoseph/.m2/repository/com/fasterxml/jackson/module/jackson-module-parameter-names/2.19.2/jackson-module-parameter-names-2.19.2.jar:/Users/jessereyjoseph/.m2/repository/org/springframework/boot/spring-boot-starter-reactor-netty/3.5.5/spring-boot-starter-reactor-netty-3.5.5.jar:/Users/jessereyjoseph/.m2/repository/io/projectreactor/netty/reactor-netty-http/1.2.9/reactor-netty-http-1.2.9.jar:/Users/jessereyjoseph/.m2/repository/io/netty/netty-codec-http/4.1.124.Final/netty-codec-http-4.1.124.Final.jar:/Users/jessereyjoseph/.m2/repository/io/netty/netty-common/4.1.124.Final/netty-common-4.1.124.Final.jar:/Users/jessereyjoseph/.m2/repository/io/netty/netty-buffer/4.1.124.Final/netty-buffer-4.1.124.Final.jar:/Users/jessereyjoseph/.m2/repository/io/netty/netty-transport/4.1.124.Final/netty-transport-4.1.124.Final.jar:/Users/jessereyjoseph/.m2/repository/io/netty/netty-codec/4.1.124.Final/netty-codec-4.1.124.Final.jar:/Users/jessereyjoseph/.m2/repository/io/netty/netty-handler/4.1.124.Final/netty-handler-4.1.124.Final.jar:/Users/jessereyjoseph/.m2/repository/io/netty/netty-codec-http2/4.1.124.Final/netty-codec-http2-4.1.124.Final.jar:/Users/jessereyjoseph/.m2/repository/io/netty/netty-resolver-dns/4.1.124.Final/netty-resolver-dns-4.1.124.Final.jar:/Users/jessereyjoseph/.m2/repository/io/netty/netty-resolver/4.1.124.Final/netty-resolver-4.1.124.Final.jar:/Users/jessereyjoseph/.m2/repository/io/netty/netty-codec-dns/4.1.124.Final/netty-codec-dns-4.1.124.Final.jar:/Users/jessereyjoseph/.m2/repository/io/netty/netty-resolver-dns-native-macos/4.1.124.Final/netty-resolver-dns-native-macos-4.1.124.Final-osx-x86_64.jar:/Users/jessereyjoseph/.m2/repository/io/netty/netty-resolver-dns-classes-macos/4.1.124.Final/netty-resolver-dns-classes-macos-4.1.124.Final.jar:/Users/jessereyjoseph/.m2/repository/io/netty/netty-transport-native-epoll/4.1.124.Final/netty-transport-native-epoll-4.1.124.Final-linux-x86_64.jar:/Users/jessereyjoseph/.m2/repository/io/netty/netty-transport-native-unix-common/4.1.124.Final/netty-transport-native-unix-common-4.1.124.Final.jar:/Users/jessereyjoseph/.m2/repository/io/netty/netty-transport-classes-epoll/4.1.124.Final/netty-transport-classes-epoll-4.1.124.Final.jar:/Users/jessereyjoseph/.m2/repository/io/projectreactor/netty/reactor-netty-core/1.2.9/reactor-netty-core-1.2.9.jar:/Users/jessereyjoseph/.m2/repository/io/netty/netty-handler-proxy/4.1.124.Final/netty-handler-proxy-4.1.124.Final.jar:/Users/jessereyjoseph/.m2/repository/io/netty/netty-codec-socks/4.1.124.Final/netty-codec-socks-4.1.124.Final.jar:/Users/jessereyjoseph/.m2/repository/org/springframework/spring-web/6.2.10/spring-web-6.2.10.jar:/Users/jessereyjoseph/.m2/repository/org/springframework/spring-beans/6.2.10/spring-beans-6.2.10.jar:/Users/jessereyjoseph/.m2/repository/org/springframework/spring-webflux/6.2.10/spring-webflux-6.2.10.jar:/Users/jessereyjoseph/.m2/repository/com/github/ben-manes/caffeine/caffeine/3.2.2/caffeine-3.2.2.jar:/Users/jessereyjoseph/.m2/repository/org/jspecify/jspecify/1.0.0/jspecify-1.0.0.jar:/Users/jessereyjoseph/.m2/repository/com/google/errorprone/error_prone_annotations/2.40.0/error_prone_annotations-2.40.0.jar:/Users/jessereyjoseph/.m2/repository/org/springdoc/springdoc-openapi-starter-webflux-ui/2.6.0/springdoc-openapi-starter-webflux-ui-2.6.0.jar:/Users/jessereyjoseph/.m2/repository/org/springdoc/springdoc-openapi-starter-webflux-api/2.6.0/springdoc-openapi-starter-webflux-api-2.6.0.jar:/Users/jessereyjoseph/.m2/repository/org/springdoc/springdoc-openapi-starter-common/2.6.0/springdoc-openapi-starter-common-2.6.0.jar:/Users/jessereyjoseph/.m2/repository/io/swagger/core/v3/swagger-core-jakarta/2.2.22/swagger-core-jakarta-2.2.22.jar:/Users/jessereyjoseph/.m2/repository/org/apache/commons/commons-lang3/3.17.0/commons-lang3-3.17.0.jar:/Users/jessereyjoseph/.m2/repository/io/swagger/core/v3/swagger-annotations-jakarta/2.2.22/swagger-annotations-jakarta-2.2.22.jar:/Users/jessereyjoseph/.m2/repository/io/swagger/core/v3/swagger-models-jakarta/2.2.22/swagger-models-jakarta-2.2.22.jar:/Users/jessereyjoseph/.m2/repository/jakarta/validation/jakarta.validation-api/3.0.2/jakarta.validation-api-3.0.2.jar:/Users/jessereyjoseph/.m2/repository/com/fasterxml/jackson/dataformat/jackson-dataformat-yaml/2.19.2/jackson-dataformat-yaml-2.19.2.jar:/Users/jessereyjoseph/.m2/repository/org/webjars/swagger-ui/5.17.14/swagger-ui-5.17.14.jar:/Users/jessereyjoseph/.m2/repository/org/springframework/boot/spring-boot-configuration-processor/3.5.5/spring-boot-configuration-processor-3.5.5.jar:/Users/jessereyjoseph/.m2/repository/org/springframework/boot/spring-boot-starter-test/3.5.5/spring-boot-starter-test-3.5.5.jar:/Users/jessereyjoseph/.m2/repository/org/springframework/boot/spring-boot-test/3.5.5/spring-boot-test-3.5.5.jar:/Users/jessereyjoseph/.m2/repository/org/springframework/boot/spring-boot-test-autoconfigure/3.5.5/spring-boot-test-autoconfigure-3.5.5.jar:/Users/jessereyjoseph/.m2/repository/com/jayway/jsonpath/json-path/2.9.0/json-path-2.9.0.jar:/Users/jessereyjoseph/.m2/repository/org/slf4j/slf4j-api/2.0.17/slf4j-api-2.0.17.jar:/Users/jessereyjoseph/.m2/repository/jakarta/xml/bind/jakarta.xml.bind-api/4.0.2/jakarta.xml.bind-api-4.0.2.jar:/Users/jessereyjoseph/.m2/repository/jakarta/activation/jakarta.activation-api/2.1.3/jakarta.activation-api-2.1.3.jar:/Users/jessereyjoseph/.m2/repository/net/minidev/json-smart/2.5.2/json-smart-2.5.2.jar:/Users/jessereyjoseph/.m2/repository/net/minidev/accessors-smart/2.5.2/accessors-smart-2.5.2.jar:/Users/jessereyjoseph/.m2/repository/org/ow2/asm/asm/9.7.1/asm-9.7.1.jar:/Users/jessereyjoseph/.m2/repository/org/assertj/assertj-core/3.27.4/assertj-core-3.27.4.jar:/Users/jessereyjoseph/.m2/repository/net/bytebuddy/byte-buddy/1.17.7/byte-buddy-1.17.7.jar:/Users/jessereyjoseph/.m2/repository/org/awaitility/awaitility/4.2.2/awaitility-4.2.2.jar:/Users/jessereyjoseph/.m2/repository/org/hamcrest/hamcrest/3.0/hamcrest-3.0.jar:/Users/jessereyjoseph/.m2/repository/org/junit/jupiter/junit-jupiter/5.12.2/junit-jupiter-5.12.2.jar:/Users/jessereyjoseph/.m2/repository/org/junit/jupiter/junit-jupiter-api/5.12.2/junit-jupiter-api-5.12.2.jar:/Users/jessereyjoseph/.m2/repository/org/opentest4j/opentest4j/1.3.0/opentest4j-1.3.0.jar:/Users/jessereyjoseph/.m2/repository/org/junit/platform/junit-platform-commons/1.12.2/junit-platform-commons-1.12.2.jar:/Users/jessereyjoseph/.m2/repository/org/apiguardian/apiguardian-api/1.1.2/apiguardian-api-1.1.2.jar:/Users/jessereyjoseph/.m2/repository/org/junit/jupiter/junit-jupiter-params/5.12.2/junit-jupiter-params-5.12.2.jar:/Users/jessereyjoseph/.m2/repository/org/junit/jupiter/junit-jupiter-engine/5.12.2/junit-jupiter-engine-5.12.2.jar:/Users/jessereyjoseph/.m2/repository/org/junit/platform/junit-platform-engine/1.12.2/junit-platform-engine-1.12.2.jar:/Users/jessereyjoseph/.m2/repository/org/mockito/mockito-core/5.17.0/mockito-core-5.17.0.jar:/Users/jessereyjoseph/.m2/repository/net/bytebuddy/byte-buddy-agent/1.17.7/byte-buddy-agent-1.17.7.jar:/Users/jessereyjoseph/.m2/repository/org/objenesis/objenesis/3.3/objenesis-3.3.jar:/Users/jessereyjoseph/.m2/repository/org/mockito/mockito-junit-jupiter/5.17.0/mockito-junit-jupiter-5.17.0.jar:/Users/jessereyjoseph/.m2/repository/org/skyscreamer/jsonassert/1.5.3/jsonassert-1.5.3.jar:/Users/jessereyjoseph/.m2/repository/com/vaadin/external/google/android-json/0.0.20131108.vaadin1/android-json-0.0.20131108.vaadin1.jar:/Users/jessereyjoseph/.m2/repository/org/springframework/spring-core/6.2.10/spring-core-6.2.10.jar:/Users/jessereyjoseph/.m2/repository/org/springframework/spring-jcl/6.2.10/spring-jcl-6.2.10.jar:/Users/jessereyjoseph/.m2/repository/org/springframework/spring-test/6.2.10/spring-test-6.2.10.jar:/Users/jessereyjoseph/.m2/repository/org/xmlunit/xmlunit-core/2.10.3/xmlunit-core-2.10.3.jar:/Users/jessereyjoseph/.m2/repository/io/projectreactor/reactor-test/3.7.9/reactor-test-3.7.9.jar:/Users/jessereyjoseph/.m2/repository/io/projectreactor/reactor-core/3.7.9/reactor-core-3.7.9.jar:/Users/jessereyjoseph/.m2/repository/org/reactivestreams/reactive-streams/1.0.4/reactive-streams-1.0.4.jar:"/>
    <property name="java.vm.vendor" value="Amazon.com Inc."/>
    <property name="sun.arch.data.model" value="64"/>
    <property name="java.vendor.url" value="https://aws.amazon.com/corretto/"/>
    <property name="user.timezone" value="Asia/Manila"/>
    <property name="org.jboss.logging.provider" value="slf4j"/>
    <property name="os.name" value="Mac OS X"/>
    <property name="java.vm.specification.version" value="21"/>
    <property name="sun.java.launcher" value="SUN_STANDARD"/>
    <property name="user.country" value="PH"/>
    <property name="sun.boot.library.path" value="/Library/Java/JavaVirtualMachines/amazon-corretto-21.jdk/Contents/Home/lib"/>
    <property name="sun.java.command" value="/Users/jessereyjoseph/PSSLAI/learn/reactive-gateway-cache/target/surefire/surefirebooter-20250827152053975_3.jar /Users/jessereyjoseph/PSSLAI/learn/reactive-gateway-cache/target/surefire 2025-08-27T15-20-53_847-jvmRun1 surefire-20250827152053975_1tmp surefire_0-20250827152053975_2tmp"/>
    <property name="jdk.debug" value="release"/>
    <property name="surefire.test.class.path" value="/Users/jessereyjoseph/PSSLAI/learn/reactive-gateway-cache/target/test-classes:/Users/jessereyjoseph/PSSLAI/learn/reactive-gateway-cache/target/classes:/Users/jessereyjoseph/.m2/repository/org/springframework/cloud/spring-cloud-starter-gateway-server-webflux/4.3.0/spring-cloud-starter-gateway-server-webflux-4.3.0.jar:/Users/jessereyjoseph/.m2/repository/org/springframework/cloud/spring-cloud-starter/4.3.0/spring-cloud-starter-4.3.0.jar:/Users/jessereyjoseph/.m2/repository/org/springframework/cloud/spring-cloud-context/4.3.0/spring-cloud-context-4.3.0.jar:/Users/jessereyjoseph/.m2/repository/org/springframework/security/spring-security-crypto/6.5.3/spring-security-crypto-6.5.3.jar:/Users/jessereyjoseph/.m2/repository/org/springframework/cloud/spring-cloud-commons/4.3.0/spring-cloud-commons-4.3.0.jar:/Users/jessereyjoseph/.m2/repository/org/bouncycastle/bcprov-jdk18on/1.80/bcprov-jdk18on-1.80.jar:/Users/jessereyjoseph/.m2/repository/org/springframework/cloud/spring-cloud-gateway-server-webflux/4.3.0/spring-cloud-gateway-server-webflux-4.3.0.jar:/Users/jessereyjoseph/.m2/repository/org/springframework/cloud/spring-cloud-gateway-server/4.3.0/spring-cloud-gateway-server-4.3.0.jar:/Users/jessereyjoseph/.m2/repository/org/springframework/boot/spring-boot-starter-validation/3.5.5/spring-boot-starter-validation-3.5.5.jar:/Users/jessereyjoseph/.m2/repository/org/apache/tomcat/embed/tomcat-embed-el/10.1.44/tomcat-embed-el-10.1.44.jar:/Users/jessereyjoseph/.m2/repository/org/hibernate/validator/hibernate-validator/8.0.3.Final/hibernate-validator-8.0.3.Final.jar:/Users/jessereyjoseph/.m2/repository/org/jboss/logging/jboss-logging/3.6.1.Final/jboss-logging-3.6.1.Final.jar:/Users/jessereyjoseph/.m2/repository/com/fasterxml/classmate/1.7.0/classmate-1.7.0.jar:/Users/jessereyjoseph/.m2/repository/io/projectreactor/addons/reactor-extra/3.5.2/reactor-extra-3.5.2.jar:/Users/jessereyjoseph/.m2/repository/org/springframework/boot/spring-boot-properties-migrator/3.5.5/spring-boot-properties-migrator-3.5.5.jar:/Users/jessereyjoseph/.m2/repository/org/springframework/boot/spring-boot/3.5.5/spring-boot-3.5.5.jar:/Users/jessereyjoseph/.m2/repository/org/springframework/spring-context/6.2.10/spring-context-6.2.10.jar:/Users/jessereyjoseph/.m2/repository/org/springframework/spring-aop/6.2.10/spring-aop-6.2.10.jar:/Users/jessereyjoseph/.m2/repository/org/springframework/spring-expression/6.2.10/spring-expression-6.2.10.jar:/Users/jessereyjoseph/.m2/repository/org/springframework/boot/spring-boot-configuration-metadata/3.5.5/spring-boot-configuration-metadata-3.5.5.jar:/Users/jessereyjoseph/.m2/repository/org/springframework/boot/spring-boot-starter-actuator/3.5.5/spring-boot-starter-actuator-3.5.5.jar:/Users/jessereyjoseph/.m2/repository/org/springframework/boot/spring-boot-starter/3.5.5/spring-boot-starter-3.5.5.jar:/Users/jessereyjoseph/.m2/repository/org/springframework/boot/spring-boot-autoconfigure/3.5.5/spring-boot-autoconfigure-3.5.5.jar:/Users/jessereyjoseph/.m2/repository/org/springframework/boot/spring-boot-starter-logging/3.5.5/spring-boot-starter-logging-3.5.5.jar:/Users/jessereyjoseph/.m2/repository/ch/qos/logback/logback-classic/1.5.18/logback-classic-1.5.18.jar:/Users/jessereyjoseph/.m2/repository/ch/qos/logback/logback-core/1.5.18/logback-core-1.5.18.jar:/Users/jessereyjoseph/.m2/repository/org/apache/logging/log4j/log4j-to-slf4j/2.24.3/log4j-to-slf4j-2.24.3.jar:/Users/jessereyjoseph/.m2/repository/org/apache/logging/log4j/log4j-api/2.24.3/log4j-api-2.24.3.jar:/Users/jessereyjoseph/.m2/repository/org/slf4j/jul-to-slf4j/2.0.17/jul-to-slf4j-2.0.17.jar:/Users/jessereyjoseph/.m2/repository/jakarta/annotation/jakarta.annotation-api/2.1.1/jakarta.annotation-api-2.1.1.jar:/Users/jessereyjoseph/.m2/repository/org/yaml/snakeyaml/2.4/snakeyaml-2.4.jar:/Users/jessereyjoseph/.m2/repository/org/springframework/boot/spring-boot-actuator-autoconfigure/3.5.5/spring-boot-actuator-autoconfigure-3.5.5.jar:/Users/jessereyjoseph/.m2/repository/org/springframework/boot/spring-boot-actuator/3.5.5/spring-boot-actuator-3.5.5.jar:/Users/jessereyjoseph/.m2/repository/com/fasterxml/jackson/core/jackson-databind/2.19.2/jackson-databind-2.19.2.jar:/Users/jessereyjoseph/.m2/repository/com/fasterxml/jackson/core/jackson-annotations/2.19.2/jackson-annotations-2.19.2.jar:/Users/jessereyjoseph/.m2/repository/com/fasterxml/jackson/core/jackson-core/2.19.2/jackson-core-2.19.2.jar:/Users/jessereyjoseph/.m2/repository/com/fasterxml/jackson/datatype/jackson-datatype-jsr310/2.19.2/jackson-datatype-jsr310-2.19.2.jar:/Users/jessereyjoseph/.m2/repository/io/micrometer/micrometer-observation/1.15.3/micrometer-observation-1.15.3.jar:/Users/jessereyjoseph/.m2/repository/io/micrometer/micrometer-commons/1.15.3/micrometer-commons-1.15.3.jar:/Users/jessereyjoseph/.m2/repository/io/micrometer/micrometer-jakarta9/1.15.3/micrometer-jakarta9-1.15.3.jar:/Users/jessereyjoseph/.m2/repository/io/micrometer/micrometer-core/1.15.3/micrometer-core-1.15.3.jar:/Users/jessereyjoseph/.m2/repository/org/hdrhistogram/HdrHistogram/2.2.2/HdrHistogram-2.2.2.jar:/Users/jessereyjoseph/.m2/repository/org/latencyutils/LatencyUtils/2.0.3/LatencyUtils-2.0.3.jar:/Users/jessereyjoseph/.m2/repository/org/springframework/boot/spring-boot-starter-webflux/3.5.5/spring-boot-starter-webflux-3.5.5.jar:/Users/jessereyjoseph/.m2/repository/org/springframework/boot/spring-boot-starter-json/3.5.5/spring-boot-starter-json-3.5.5.jar:/Users/jessereyjoseph/.m2/repository/com/fasterxml/jackson/datatype/jackson-datatype-jdk8/2.19.2/jackson-datatype-jdk8-2.19.2.jar:/Users/jessereyjoseph/.m2/repository/com/fasterxml/jackson/module/jackson-module-parameter-names/2.19.2/jackson-module-parameter-names-2.19.2.jar:/Users/jessereyjoseph/.m2/repository/org/springframework/boot/spring-boot-starter-reactor-netty/3.5.5/spring-boot-starter-reactor-netty-3.5.5.jar:/Users/jessereyjoseph/.m2/repository/io/projectreactor/netty/reactor-netty-http/1.2.9/reactor-netty-http-1.2.9.jar:/Users/jessereyjoseph/.m2/repository/io/netty/netty-codec-http/4.1.124.Final/netty-codec-http-4.1.124.Final.jar:/Users/jessereyjoseph/.m2/repository/io/netty/netty-common/4.1.124.Final/netty-common-4.1.124.Final.jar:/Users/jessereyjoseph/.m2/repository/io/netty/netty-buffer/4.1.124.Final/netty-buffer-4.1.124.Final.jar:/Users/jessereyjoseph/.m2/repository/io/netty/netty-transport/4.1.124.Final/netty-transport-4.1.124.Final.jar:/Users/jessereyjoseph/.m2/repository/io/netty/netty-codec/4.1.124.Final/netty-codec-4.1.124.Final.jar:/Users/jessereyjoseph/.m2/repository/io/netty/netty-handler/4.1.124.Final/netty-handler-4.1.124.Final.jar:/Users/jessereyjoseph/.m2/repository/io/netty/netty-codec-http2/4.1.124.Final/netty-codec-http2-4.1.124.Final.jar:/Users/jessereyjoseph/.m2/repository/io/netty/netty-resolver-dns/4.1.124.Final/netty-resolver-dns-4.1.124.Final.jar:/Users/jessereyjoseph/.m2/repository/io/netty/netty-resolver/4.1.124.Final/netty-resolver-4.1.124.Final.jar:/Users/jessereyjoseph/.m2/repository/io/netty/netty-codec-dns/4.1.124.Final/netty-codec-dns-4.1.124.Final.jar:/Users/jessereyjoseph/.m2/repository/io/netty/netty-resolver-dns-native-macos/4.1.124.Final/netty-resolver-dns-native-macos-4.1.124.Final-osx-x86_64.jar:/Users/jessereyjoseph/.m2/repository/io/netty/netty-resolver-dns-classes-macos/4.1.124.Final/netty-resolver-dns-classes-macos-4.1.124.Final.jar:/Users/jessereyjoseph/.m2/repository/io/netty/netty-transport-native-epoll/4.1.124.Final/netty-transport-native-epoll-4.1.124.Final-linux-x86_64.jar:/Users/jessereyjoseph/.m2/repository/io/netty/netty-transport-native-unix-common/4.1.124.Final/netty-transport-native-unix-common-4.1.124.Final.jar:/Users/jessereyjoseph/.m2/repository/io/netty/netty-transport-classes-epoll/4.1.124.Final/netty-transport-classes-epoll-4.1.124.Final.jar:/Users/jessereyjoseph/.m2/repository/io/projectreactor/netty/reactor-netty-core/1.2.9/reactor-netty-core-1.2.9.jar:/Users/jessereyjoseph/.m2/repository/io/netty/netty-handler-proxy/4.1.124.Final/netty-handler-proxy-4.1.124.Final.jar:/Users/jessereyjoseph/.m2/repository/io/netty/netty-codec-socks/4.1.124.Final/netty-codec-socks-4.1.124.Final.jar:/Users/jessereyjoseph/.m2/repository/org/springframework/spring-web/6.2.10/spring-web-6.2.10.jar:/Users/jessereyjoseph/.m2/repository/org/springframework/spring-beans/6.2.10/spring-beans-6.2.10.jar:/Users/jessereyjoseph/.m2/repository/org/springframework/spring-webflux/6.2.10/spring-webflux-6.2.10.jar:/Users/jessereyjoseph/.m2/repository/com/github/ben-manes/caffeine/caffeine/3.2.2/caffeine-3.2.2.jar:/Users/jessereyjoseph/.m2/repository/org/jspecify/jspecify/1.0.0/jspecify-1.0.0.jar:/Users/jessereyjoseph/.m2/repository/com/google/errorprone/error_prone_annotations/2.40.0/error_prone_annotations-2.40.0.jar:/Users/jessereyjoseph/.m2/repository/org/springdoc/springdoc-openapi-starter-webflux-ui/2.6.0/springdoc-openapi-starter-webflux-ui-2.6.0.jar:/Users/jessereyjoseph/.m2/repository/org/springdoc/springdoc-openapi-starter-webflux-api/2.6.0/springdoc-openapi-starter-webflux-api-2.6.0.jar:/Users/jessereyjoseph/.m2/repository/org/springdoc/springdoc-openapi-starter-common/2.6.0/springdoc-openapi-starter-common-2.6.0.jar:/Users/jessereyjoseph/.m2/repository/io/swagger/core/v3/swagger-core-jakarta/2.2.22/swagger-core-jakarta-2.2.22.jar:/Users/jessereyjoseph/.m2/repository/org/apache/commons/commons-lang3/3.17.0/commons-lang3-3.17.0.jar:/Users/jessereyjoseph/.m2/repository/io/swagger/core/v3/swagger-annotations-jakarta/2.2.22/swagger-annotations-jakarta-2.2.22.jar:/Users/jessereyjoseph/.m2/repository/io/swagger/core/v3/swagger-models-jakarta/2.2.22/swagger-models-jakarta-2.2.22.jar:/Users/jessereyjoseph/.m2/repository/jakarta/validation/jakarta.validation-api/3.0.2/jakarta.validation-api-3.0.2.jar:/Users/jessereyjoseph/.m2/repository/com/fasterxml/jackson/dataformat/jackson-dataformat-yaml/2.19.2/jackson-dataformat-yaml-2.19.2.jar:/Users/jessereyjoseph/.m2/repository/org/webjars/swagger-ui/5.17.14/swagger-ui-5.17.14.jar:/Users/jessereyjoseph/.m2/repository/org/springframework/boot/spring-boot-configuration-processor/3.5.5/spring-boot-configuration-processor-3.5.5.jar:/Users/jessereyjoseph/.m2/repository/org/springframework/boot/spring-boot-starter-test/3.5.5/spring-boot-starter-test-3.5.5.jar:/Users/jessereyjoseph/.m2/repository/org/springframework/boot/spring-boot-test/3.5.5/spring-boot-test-3.5.5.jar:/Users/jessereyjoseph/.m2/repository/org/springframework/boot/spring-boot-test-autoconfigure/3.5.5/spring-boot-test-autoconfigure-3.5.5.jar:/Users/jessereyjoseph/.m2/repository/com/jayway/jsonpath/json-path/2.9.0/json-path-2.9.0.jar:/Users/jessereyjoseph/.m2/repository/org/slf4j/slf4j-api/2.0.17/slf4j-api-2.0.17.jar:/Users/jessereyjoseph/.m2/repository/jakarta/xml/bind/jakarta.xml.bind-api/4.0.2/jakarta.xml.bind-api-4.0.2.jar:/Users/jessereyjoseph/.m2/repository/jakarta/activation/jakarta.activation-api/2.1.3/jakarta.activation-api-2.1.3.jar:/Users/jessereyjoseph/.m2/repository/net/minidev/json-smart/2.5.2/json-smart-2.5.2.jar:/Users/jessereyjoseph/.m2/repository/net/minidev/accessors-smart/2.5.2/accessors-smart-2.5.2.jar:/Users/jessereyjoseph/.m2/repository/org/ow2/asm/asm/9.7.1/asm-9.7.1.jar:/Users/jessereyjoseph/.m2/repository/org/assertj/assertj-core/3.27.4/assertj-core-3.27.4.jar:/Users/jessereyjoseph/.m2/repository/net/bytebuddy/byte-buddy/1.17.7/byte-buddy-1.17.7.jar:/Users/jessereyjoseph/.m2/repository/org/awaitility/awaitility/4.2.2/awaitility-4.2.2.jar:/Users/jessereyjoseph/.m2/repository/org/hamcrest/hamcrest/3.0/hamcrest-3.0.jar:/Users/jessereyjoseph/.m2/repository/org/junit/jupiter/junit-jupiter/5.12.2/junit-jupiter-5.12.2.jar:/Users/jessereyjoseph/.m2/repository/org/junit/jupiter/junit-jupiter-api/5.12.2/junit-jupiter-api-5.12.2.jar:/Users/jessereyjoseph/.m2/repository/org/opentest4j/opentest4j/1.3.0/opentest4j-1.3.0.jar:/Users/jessereyjoseph/.m2/repository/org/junit/platform/junit-platform-commons/1.12.2/junit-platform-commons-1.12.2.jar:/Users/jessereyjoseph/.m2/repository/org/apiguardian/apiguardian-api/1.1.2/apiguardian-api-1.1.2.jar:/Users/jessereyjoseph/.m2/repository/org/junit/jupiter/junit-jupiter-params/5.12.2/junit-jupiter-params-5.12.2.jar:/Users/jessereyjoseph/.m2/repository/org/junit/jupiter/junit-jupiter-engine/5.12.2/junit-jupiter-engine-5.12.2.jar:/Users/jessereyjoseph/.m2/repository/org/junit/platform/junit-platform-engine/1.12.2/junit-platform-engine-1.12.2.jar:/Users/jessereyjoseph/.m2/repository/org/mockito/mockito-core/5.17.0/mockito-core-5.17.0.jar:/Users/jessereyjoseph/.m2/repository/net/bytebuddy/byte-buddy-agent/1.17.7/byte-buddy-agent-1.17.7.jar:/Users/jessereyjoseph/.m2/repository/org/objenesis/objenesis/3.3/objenesis-3.3.jar:/Users/jessereyjoseph/.m2/repository/org/mockito/mockito-junit-jupiter/5.17.0/mockito-junit-jupiter-5.17.0.jar:/Users/jessereyjoseph/.m2/repository/org/skyscreamer/jsonassert/1.5.3/jsonassert-1.5.3.jar:/Users/jessereyjoseph/.m2/repository/com/vaadin/external/google/android-json/0.0.20131108.vaadin1/android-json-0.0.20131108.vaadin1.jar:/Users/jessereyjoseph/.m2/repository/org/springframework/spring-core/6.2.10/spring-core-6.2.10.jar:/Users/jessereyjoseph/.m2/repository/org/springframework/spring-jcl/6.2.10/spring-jcl-6.2.10.jar:/Users/jessereyjoseph/.m2/repository/org/springframework/spring-test/6.2.10/spring-test-6.2.10.jar:/Users/jessereyjoseph/.m2/repository/org/xmlunit/xmlunit-core/2.10.3/xmlunit-core-2.10.3.jar:/Users/jessereyjoseph/.m2/repository/io/projectreactor/reactor-test/3.7.9/reactor-test-3.7.9.jar:/Users/jessereyjoseph/.m2/repository/io/projectreactor/reactor-core/3.7.9/reactor-core-3.7.9.jar:/Users/jessereyjoseph/.m2/repository/org/reactivestreams/reactive-streams/1.0.4/reactive-streams-1.0.4.jar:"/>
    <property name="sun.cpu.endian" value="little"/>
    <property name="user.home" value="/Users/jessereyjoseph"/>
    <property name="user.language" value="en"/>
    <property name="java.specification.vendor" value="Oracle Corporation"/>
    <property name="java.version.date" value="2025-07-15"/>
    <property name="java.home" value="/Library/Java/JavaVirtualMachines/amazon-corretto-21.jdk/Contents/Home"/>
    <property name="file.separator" value="/"/>
    <property name="basedir" value="/Users/jessereyjoseph/PSSLAI/learn/reactive-gateway-cache"/>
    <property name="java.vm.compressedOopsMode" value="Zero based"/>
    <property name="line.separator" value="&#10;"/>
    <property name="java.vm.specification.vendor" value="Oracle Corporation"/>
    <property name="java.specification.name" value="Java Platform API Specification"/>
    <property name="FILE_LOG_CHARSET" value="UTF-8"/>
    <property name="java.awt.headless" value="true"/>
    <property name="apple.awt.application.name" value="ForkedBooter"/>
    <property name="surefire.real.class.path" value="/Users/jessereyjoseph/PSSLAI/learn/reactive-gateway-cache/target/surefire/surefirebooter-20250827152053975_3.jar"/>
    <property name="sun.management.compiler" value="HotSpot 64-Bit Tiered Compilers"/>
    <property name="java.runtime.version" value="21.0.8+9-LTS"/>
    <property name="user.name" value="jessereyjoseph"/>
    <property name="stdout.encoding" value="UTF-8"/>
    <property name="path.separator" value=":"/>
    <property name="os.version" value="15.6.1"/>
    <property name="java.runtime.name" value="OpenJDK Runtime Environment"/>
    <property name="file.encoding" value="UTF-8"/>
    <property name="java.vm.name" value="OpenJDK 64-Bit Server VM"/>
    <property name="java.vendor.version" value="Corretto-21.0.8.9.1"/>
    <property name="localRepository" value="/Users/jessereyjoseph/.m2/repository"/>
    <property name="java.vendor.url.bug" value="https://github.com/corretto/corretto-21/issues/"/>
    <property name="java.io.tmpdir" value="/var/folders/bq/72xqk9t11_q2v_cr5dx0hw3h0000gn/T/"/>
    <property name="java.version" value="21.0.8"/>
    <property name="user.dir" value="/Users/jessereyjoseph/PSSLAI/learn/reactive-gateway-cache"/>
    <property name="os.arch" value="x86_64"/>
    <property name="java.vm.specification.name" value="Java Virtual Machine Specification"/>
    <property name="PID" value="80075"/>
    <property name="CONSOLE_LOG_CHARSET" value="UTF-8"/>
    <property name="native.encoding" value="UTF-8"/>
    <property name="java.library.path" value="/Users/jessereyjoseph/Library/Java/Extensions:/Library/Java/Extensions:/Network/Library/Java/Extensions:/System/Library/Java/Extensions:/usr/lib/java:."/>
    <property name="java.vm.info" value="mixed mode, sharing"/>
    <property name="stderr.encoding" value="UTF-8"/>
    <property name="java.vendor" value="Amazon.com Inc."/>
    <property name="java.vm.version" value="21.0.8+9-LTS"/>
    <property name="sun.io.unicode.encoding" value="UnicodeBig"/>
    <property name="java.class.version" value="65.0"/>
  </properties>
  <testcase name="contextLoads" classname="com.learn.developer.ReactiveGatewayCacheApplicationTests" time="0.929">
    <system-out><![CDATA[15:20:55.302 [main] INFO org.springframework.test.context.support.AnnotationConfigContextLoaderUtils -- Could not detect default configuration classes for test class [com.learn.developer.ReactiveGatewayCacheApplicationTests]: ReactiveGatewayCacheApplicationTests does not declare any static, non-private, non-final, nested classes annotated with @Configuration.
15:20:55.484 [main] INFO org.springframework.boot.test.context.SpringBootTestContextBootstrapper -- Found @SpringBootConfiguration com.learn.developer.ReactiveGatewayCacheApplication for test class com.learn.developer.ReactiveGatewayCacheApplicationTests

  .   ____          _            __ _ _
 /\\ / ___'_ __ _ _(_)_ __  __ _ \ \ \ \
( ( )\___ | '_ | '_| | '_ \/ _` | \ \ \ \
 \\/  ___)| |_)| | | | | || (_| |  ) ) ) )
  '  |____| .__|_| |_|_| |_\__, | / / / /
 =========|_|==============|___/=/_/_/_/

 :: Spring Boot ::                (v3.5.5)

2025-08-27T15:20:56.589+08:00  INFO 80075 --- [           main] l.d.ReactiveGatewayCacheApplicationTests : Starting ReactiveGatewayCacheApplicationTests using Java 21.0.8 with PID 80075 (started by jessereyjoseph in /Users/jessereyjoseph/PSSLAI/learn/reactive-gateway-cache)
2025-08-27T15:20:56.595+08:00  INFO 80075 --- [           main] l.d.ReactiveGatewayCacheApplicationTests : No active profile set, falling back to 1 default profile: "default"
2025-08-27T15:20:59.159+08:00  INFO 80075 --- [           main] o.s.cloud.context.scope.GenericScope     : BeanFactory id=d8d50616-f92f-32b1-8720-0924c51499ec
2025-08-27T15:21:01.060+08:00  INFO 80075 --- [           main] o.s.c.g.r.RouteDefinitionRouteLocator    : Loaded RoutePredicateFactory [After]
2025-08-27T15:21:01.061+08:00  INFO 80075 --- [           main] o.s.c.g.r.RouteDefinitionRouteLocator    : Loaded RoutePredicateFactory [Before]
2025-08-27T15:21:01.062+08:00  INFO 80075 --- [           main] o.s.c.g.r.RouteDefinitionRouteLocator    : Loaded RoutePredicateFactory [Between]
2025-08-27T15:21:01.062+08:00  INFO 80075 --- [           main] o.s.c.g.r.RouteDefinitionRouteLocator    : Loaded RoutePredicateFactory [Cookie]
2025-08-27T15:21:01.062+08:00  INFO 80075 --- [           main] o.s.c.g.r.RouteDefinitionRouteLocator    : Loaded RoutePredicateFactory [Header]
2025-08-27T15:21:01.062+08:00  INFO 80075 --- [           main] o.s.c.g.r.RouteDefinitionRouteLocator    : Loaded RoutePredicateFactory [Host]
2025-08-27T15:21:01.062+08:00  INFO 80075 --- [           main] o.s.c.g.r.RouteDefinitionRouteLocator    : Loaded RoutePredicateFactory [Method]
2025-08-27T15:21:01.062+08:00  INFO 80075 --- [           main] o.s.c.g.r.RouteDefinitionRouteLocator    : Loaded RoutePredicateFactory [Path]
2025-08-27T15:21:01.062+08:00  INFO 80075 --- [           main] o.s.c.g.r.RouteDefinitionRouteLocator    : Loaded RoutePredicateFactory [Query]
2025-08-27T15:21:01.062+08:00  INFO 80075 --- [           main] o.s.c.g.r.RouteDefinitionRouteLocator    : Loaded RoutePredicateFactory [ReadBody]
2025-08-27T15:21:01.062+08:00  INFO 80075 --- [           main] o.s.c.g.r.RouteDefinitionRouteLocator    : Loaded RoutePredicateFactory [RemoteAddr]
2025-08-27T15:21:01.063+08:00  INFO 80075 --- [           main] o.s.c.g.r.RouteDefinitionRouteLocator    : Loaded RoutePredicateFactory [XForwardedRemoteAddr]
2025-08-27T15:21:01.063+08:00  INFO 80075 --- [           main] o.s.c.g.r.RouteDefinitionRouteLocator    : Loaded RoutePredicateFactory [Weight]
2025-08-27T15:21:01.063+08:00  INFO 80075 --- [           main] o.s.c.g.r.RouteDefinitionRouteLocator    : Loaded RoutePredicateFactory [CloudFoundryRouteService]
2025-08-27T15:21:01.591+08:00  INFO 80075 --- [           main] o.s.b.a.e.web.EndpointLinksResolver      : Exposing 3 endpoints beneath base path '/actuator'
2025-08-27T15:21:02.215+08:00  INFO 80075 --- [           main] l.d.ReactiveGatewayCacheApplicationTests : Started ReactiveGatewayCacheApplicationTests in 6.273 seconds (process running for 8.067)
]]></system-out>
    <system-err><![CDATA[Mockito is currently self-attaching to enable the inline-mock-maker. This will no longer work in future releases of the JDK. Please add Mockito as an agent to your build as described in Mockito's documentation: https://javadoc.io/doc/org.mockito/mockito-core/latest/org.mockito/org/mockito/Mockito.html#0.3
WARNING: A Java agent has been loaded dynamically (/Users/jessereyjoseph/.m2/repository/net/bytebuddy/byte-buddy-agent/1.17.7/byte-buddy-agent-1.17.7.jar)
WARNING: If a serviceability tool is in use, please run with -XX:+EnableDynamicAgentLoading to hide this warning
WARNING: If a serviceability tool is not in use, please run with -Djdk.instrument.traceUsage for more information
WARNING: Dynamic loading of agents will be disallowed by default in a future release
]]></system-err>
  </testcase>
</testsuite>